-------------------------------------------------------------------------------
Test set: ParallelogramTest
-------------------------------------------------------------------------------
Tests run: 5, Failures: 1, Errors: 0, Skipped: 1, Time elapsed: 0.281 s <<< FAILURE! - in ParallelogramTest
testmethod  Time elapsed: 0.141 s  <<< FAILURE!
org.opentest4j.AssertionFailedError: This is a prototype
	at ParallelogramTest.testmethod(ParallelogramTest.java:59)

